<?xml version="1.0" encoding="UTF-8"?>
<testng-results ignored="0" total="2" passed="2" failed="0" skipped="0">
  <reporter-output>
  </reporter-output>
  <suite started-at="2023-11-19T12:37:46 IST" name="Default suite" finished-at="2023-11-19T12:38:50 IST" duration-ms="64054">
    <groups>
    </groups>
    <test started-at="2023-11-19T12:37:46 IST" name="Default test" finished-at="2023-11-19T12:38:50 IST" duration-ms="64054">
      <class name="LoginpageProject.Logintest">
        <test-method is-config="true" signature="setup()[pri:0, instance:LoginpageProject.Logintest@31c88ec8]" started-at="2023-11-19T12:37:46 IST" name="setup" finished-at="2023-11-19T12:37:58 IST" duration-ms="11815" status="PASS">
          <reporter-output>
          </reporter-output>
        </test-method> <!-- setup -->
        <test-method signature="validLoginTest()[pri:1, instance:LoginpageProject.Logintest@31c88ec8]" started-at="2023-11-19T12:37:58 IST" name="validLoginTest" finished-at="2023-11-19T12:38:10 IST" duration-ms="12772" status="PASS">
          <reporter-output>
          </reporter-output>
        </test-method> <!-- validLoginTest -->
        <test-method is-config="true" signature="tearDown()[pri:0, instance:LoginpageProject.Logintest@31c88ec8]" started-at="2023-11-19T12:38:10 IST" name="tearDown" finished-at="2023-11-19T12:38:11 IST" duration-ms="262" status="PASS">
          <reporter-output>
          </reporter-output>
        </test-method> <!-- tearDown -->
        <test-method is-config="true" signature="setup()[pri:0, instance:LoginpageProject.Logintest@31c88ec8]" started-at="2023-11-19T12:38:11 IST" name="setup" finished-at="2023-11-19T12:38:22 IST" duration-ms="11835" status="PASS">
          <reporter-output>
          </reporter-output>
        </test-method> <!-- setup -->
        <test-method signature="invalidLoginTest()[pri:2, instance:LoginpageProject.Logintest@31c88ec8]" started-at="2023-11-19T12:38:22 IST" name="invalidLoginTest" finished-at="2023-11-19T12:38:50 IST" duration-ms="27118" status="PASS">
          <reporter-output>
          </reporter-output>
        </test-method> <!-- invalidLoginTest -->
        <test-method is-config="true" signature="tearDown()[pri:0, instance:LoginpageProject.Logintest@31c88ec8]" started-at="2023-11-19T12:38:50 IST" name="tearDown" finished-at="2023-11-19T12:38:50 IST" duration-ms="205" status="PASS">
          <reporter-output>
          </reporter-output>
        </test-method> <!-- tearDown -->
      </class> <!-- LoginpageProject.Logintest -->
    </test> <!-- Default test -->
  </suite> <!-- Default suite -->
</testng-results>
